This is pdfTeX, Version 3.1415926-2.5-1.40.14 (TeX Live 2013/MacPorts 2013_2) (format=pdflatex 2013.8.26)  9 JAN 2014 13:40
entering extended mode
 \write18 enabled.
 file:line:error style messages enabled.
 %&-line parsing enabled.
**supplement.tex
(./supplement.tex
LaTeX2e <2011/06/27>
Babel <3.9f> and hyphenation patterns for 44 languages loaded.
(/opt/local/share/texmf-texlive/tex/latex/base/article.cls
Document Class: article 2007/10/19 v1.4h Standard LaTeX document class
(/opt/local/share/texmf-texlive/tex/latex/base/size10.clo
File: size10.clo 2007/10/19 v1.4h Standard LaTeX file (size option)
)
\c@part=\count79
\c@section=\count80
\c@subsection=\count81
\c@subsubsection=\count82
\c@paragraph=\count83
\c@subparagraph=\count84
\c@figure=\count85
\c@table=\count86
\abovecaptionskip=\skip41
\belowcaptionskip=\skip42
\bibindent=\dimen102
) (./url.sty
Package: url 1999/03/02  ver 1.4  Verb mode for urls, email addresses, and file
 names
)
(./natbib.sty
Package: natbib 2000/07/24 7.0a (PWD)
\bibhang=\skip43
\bibsep=\skip44
LaTeX Info: Redefining \cite on input line 508.
\c@NAT@ctr=\count87
) (./graphicx.sty
Package: graphicx 1999/02/16 v1.0f Enhanced LaTeX Graphics (DPC,SPQR)

(/opt/local/share/texmf-texlive/tex/latex/graphics/keyval.sty
Package: keyval 1999/03/16 v1.13 key=value parser (DPC)
\KV@toks@=\toks14
)
(/opt/local/share/texmf-texlive/tex/latex/graphics/graphics.sty
Package: graphics 2009/02/05 v1.0o Standard LaTeX Graphics (DPC,SPQR)

(/opt/local/share/texmf-texlive/tex/latex/graphics/trig.sty
Package: trig 1999/03/16 v1.09 sin cos tan (DPC)
)
(/opt/local/share/texmf-texlive/tex/latex/latexconfig/graphics.cfg
File: graphics.cfg 2010/04/23 v1.9 graphics configuration of TeX Live
)
Package graphics Info: Driver file: pdftex.def on input line 91.

(/opt/local/share/texmf-texlive/tex/latex/pdftex-def/pdftex.def
File: pdftex.def 2011/05/27 v0.06d Graphics/color for pdfTeX

(/opt/local/share/texmf-texlive/tex/generic/oberdiek/infwarerr.sty
Package: infwarerr 2010/04/08 v1.3 Providing info/warning/error messages (HO)
)
(/opt/local/share/texmf-texlive/tex/generic/oberdiek/ltxcmds.sty
Package: ltxcmds 2011/11/09 v1.22 LaTeX kernel commands for general use (HO)
)
\Gread@gobject=\count88
))
\Gin@req@height=\dimen103
\Gin@req@width=\dimen104
)
(./multirow.sty
\bigstrutjot=\dimen105
) (/opt/local/share/texmf-texlive/tex/latex/graphics/color.sty
Package: color 2005/11/14 v1.0j Standard LaTeX Color (DPC)

(/opt/local/share/texmf-texlive/tex/latex/latexconfig/color.cfg
File: color.cfg 2007/01/18 v1.5 color configuration of teTeX/TeXLive
)
Package color Info: Driver file: pdftex.def on input line 130.
)
(/opt/local/share/texmf-texlive/tex/latex/xcolor/xcolor.sty
Package: xcolor 2007/01/21 v2.11 LaTeX color extensions (UK)

(/opt/local/share/texmf-texlive/tex/latex/latexconfig/color.cfg
File: color.cfg 2007/01/18 v1.5 color configuration of teTeX/TeXLive
)
Package xcolor Info: Driver file: pdftex.def on input line 225.
LaTeX Info: Redefining \color on input line 702.
Package xcolor Info: Model `cmy' substituted by `cmy0' on input line 1337.
Package xcolor Info: Model `hsb' substituted by `rgb' on input line 1341.
Package xcolor Info: Model `RGB' extended on input line 1353.
Package xcolor Info: Model `HTML' substituted by `rgb' on input line 1355.
Package xcolor Info: Model `Hsb' substituted by `hsb' on input line 1356.
Package xcolor Info: Model `tHsb' substituted by `hsb' on input line 1357.
Package xcolor Info: Model `HSB' substituted by `hsb' on input line 1358.
Package xcolor Info: Model `Gray' substituted by `gray' on input line 1359.
Package xcolor Info: Model `wave' substituted by `hsb' on input line 1360.
)
(/opt/local/share/texmf-texlive/tex/latex/listings/listings.sty
\lst@mode=\count89
\lst@gtempboxa=\box26
\lst@token=\toks15
\lst@length=\count90
\lst@currlwidth=\dimen106
\lst@column=\count91
\lst@pos=\count92
\lst@lostspace=\dimen107
\lst@width=\dimen108
\lst@newlines=\count93
\lst@lineno=\count94
\lst@maxwidth=\dimen109

(/opt/local/share/texmf-texlive/tex/latex/listings/lstmisc.sty
File: lstmisc.sty 2007/02/22 1.4 (Carsten Heinz)
\c@lstnumber=\count95
\lst@skipnumbers=\count96
\lst@framebox=\box27
)
(/opt/local/share/texmf-texlive/tex/latex/listings/listings.cfg
File: listings.cfg 2007/02/22 1.4 listings configuration
))
Package: listings 2007/02/22 1.4 (Carsten Heinz)

(/opt/local/share/texmf-texlive/tex/latex/tools/xspace.sty
Package: xspace 2009/10/20 v1.13 Space after command names (DPC,MH)
) (./relsize.sty
Package: relsize 2013/03/29 ver 4.1
)
(/opt/local/share/texmf-texlive/tex/latex/rotating/rotating.sty
Package: rotating 2009/03/28 v2.16a rotated objects in LaTeX

(/opt/local/share/texmf-texlive/tex/latex/base/ifthen.sty
Package: ifthen 2001/05/26 v1.1c Standard LaTeX ifthen package (DPC)
)
\c@r@tfl@t=\count97
\rotFPtop=\skip45
\rotFPbot=\skip46
\rot@float@box=\box28
\rot@mess@toks=\toks16
)
(/opt/local/share/texmf-texlive/tex/latex/oberdiek/pdflscape.sty
Package: pdflscape 2008/08/11 v0.10 Display of landscape pages in PDF (HO)

(/opt/local/share/texmf-texlive/tex/latex/graphics/lscape.sty
Package: lscape 2000/10/22 v3.01 Landscape Pages (DPC)
)
(/opt/local/share/texmf-texlive/tex/generic/oberdiek/ifpdf.sty
Package: ifpdf 2011/01/30 v2.3 Provides the ifpdf switch (HO)
Package ifpdf Info: pdfTeX in PDF mode is detected.
)
Package pdflscape Info: Auto-detected driver: pdftex on input line 80.

(/opt/local/share/texmf-texlive/tex/generic/ifxetex/ifxetex.sty
Package: ifxetex 2010/09/12 v0.6 Provides ifxetex conditional
))
(/opt/local/share/texmf-texlive/tex/latex/caption/caption.sty
Package: caption 2013/05/02 v3.3-89 Customizing captions (AR)

(/opt/local/share/texmf-texlive/tex/latex/caption/caption3.sty
Package: caption3 2013/05/02 v1.6-88 caption3 kernel (AR)
Package caption3 Info: TeX engine: e-TeX on input line 57.
\captionmargin=\dimen110
\captionmargin@=\dimen111
\captionwidth=\dimen112
\caption@tempdima=\dimen113
\caption@indent=\dimen114
\caption@parindent=\dimen115
\caption@hangindent=\dimen116
)
\c@ContinuedFloat=\count98
Package caption Info: listings package is loaded.
Package caption Info: rotating package is loaded.
)
(/opt/local/share/texmf-texlive/tex/latex/listings/lstlang1.sty
File: lstlang1.sty 2004/09/05 1.3 listings language file
)
(/opt/local/share/texmf-texlive/tex/latex/geometry/geometry.sty
Package: geometry 2010/09/12 v5.6 Page Geometry

(/opt/local/share/texmf-texlive/tex/generic/oberdiek/ifvtex.sty
Package: ifvtex 2010/03/01 v1.5 Detect VTeX and its facilities (HO)
Package ifvtex Info: VTeX not detected.
)
\Gm@cnth=\count99
\Gm@cntv=\count100
\c@Gm@tempcnt=\count101
\Gm@bindingoffset=\dimen117
\Gm@wd@mp=\dimen118
\Gm@odd@mp=\dimen119
\Gm@even@mp=\dimen120
\Gm@layoutwidth=\dimen121
\Gm@layoutheight=\dimen122
\Gm@layouthoffset=\dimen123
\Gm@layoutvoffset=\dimen124
\Gm@dimlist=\toks17
)
(./supplement.aux)
\openout1 = `supplement.aux'.

LaTeX Font Info:    Checking defaults for OML/cmm/m/it on input line 38.
LaTeX Font Info:    ... okay on input line 38.
LaTeX Font Info:    Checking defaults for T1/cmr/m/n on input line 38.
LaTeX Font Info:    ... okay on input line 38.
LaTeX Font Info:    Checking defaults for OT1/cmr/m/n on input line 38.
LaTeX Font Info:    ... okay on input line 38.
LaTeX Font Info:    Checking defaults for OMS/cmsy/m/n on input line 38.
LaTeX Font Info:    ... okay on input line 38.
LaTeX Font Info:    Checking defaults for OMX/cmex/m/n on input line 38.
LaTeX Font Info:    ... okay on input line 38.
LaTeX Font Info:    Checking defaults for U/cmr/m/n on input line 38.
LaTeX Font Info:    ... okay on input line 38.

(/opt/local/share/texmf-texlive/tex/context/base/supp-pdf.mkii
[Loading MPS to PDF converter (version 2006.09.02).]
\scratchcounter=\count102
\scratchdimen=\dimen125
\scratchbox=\box29
\nofMPsegments=\count103
\nofMParguments=\count104
\everyMPshowfont=\toks18
\MPscratchCnt=\count105
\MPscratchDim=\dimen126
\MPnumerator=\count106
\makeMPintoPDFobject=\count107
\everyMPtoPDFconversion=\toks19
) (/opt/local/share/texmf-texlive/tex/generic/oberdiek/pdftexcmds.sty
Package: pdftexcmds 2011/11/29 v0.20 Utility functions of pdfTeX for LuaTeX (HO
)

(/opt/local/share/texmf-texlive/tex/generic/oberdiek/ifluatex.sty
Package: ifluatex 2010/03/01 v1.3 Provides the ifluatex switch (HO)
Package ifluatex Info: LuaTeX not detected.
)
Package pdftexcmds Info: LuaTeX not detected.
Package pdftexcmds Info: \pdf@primitive is available.
Package pdftexcmds Info: \pdf@ifprimitive is available.
Package pdftexcmds Info: \pdfdraftmode found.
)
(/opt/local/share/texmf-texlive/tex/latex/oberdiek/epstopdf-base.sty
Package: epstopdf-base 2010/02/09 v2.5 Base part for package epstopdf

(/opt/local/share/texmf-texlive/tex/latex/oberdiek/grfext.sty
Package: grfext 2010/08/19 v1.1 Manage graphics extensions (HO)

(/opt/local/share/texmf-texlive/tex/generic/oberdiek/kvdefinekeys.sty
Package: kvdefinekeys 2011/04/07 v1.3 Define keys (HO)
))
(/opt/local/share/texmf-texlive/tex/latex/oberdiek/kvoptions.sty
Package: kvoptions 2011/06/30 v3.11 Key value format for package options (HO)

(/opt/local/share/texmf-texlive/tex/generic/oberdiek/kvsetkeys.sty
Package: kvsetkeys 2012/04/25 v1.16 Key value parser (HO)

(/opt/local/share/texmf-texlive/tex/generic/oberdiek/etexcmds.sty
Package: etexcmds 2011/02/16 v1.5 Avoid name clashes with e-TeX commands (HO)
Package etexcmds Info: Could not find \expanded.
(etexcmds)             That can mean that you are not using pdfTeX 1.50 or
(etexcmds)             that some package has redefined \expanded.
(etexcmds)             In the latter case, load this package earlier.
)))
Package grfext Info: Graphics extension search list:
(grfext)             [.png,.pdf,.jpg,.mps,.jpeg,.jbig2,.jb2,.PNG,.PDF,.JPG,.JPE
G,.JBIG2,.JB2,.eps]
(grfext)             \AppendGraphicsExtensions on input line 452.

(/opt/local/share/texmf-texlive/tex/latex/latexconfig/epstopdf-sys.cfg
File: epstopdf-sys.cfg 2010/07/13 v1.3 Configuration of (r)epstopdf for TeX Liv
e
))
\c@lstlisting=\count108
Package caption Info: Begin \AtBeginDocument code.
Package caption Info: End \AtBeginDocument code.

*geometry* driver: auto-detecting
*geometry* detected driver: pdftex
*geometry* verbose mode - [ preamble ] result:
* driver: pdftex
* paper: <default>
* layout: <same size as paper>
* layoutoffset:(h,v)=(0.0pt,0.0pt)
* modes: 
* h-part:(L,W,R)=(54.2025pt, 505.89pt, 54.2025pt)
* v-part:(T,H,B)=(54.2025pt, 686.56499pt, 54.2025pt)
* \paperwidth=614.295pt
* \paperheight=794.96999pt
* \textwidth=505.89pt
* \textheight=686.56499pt
* \oddsidemargin=-18.06749pt
* \evensidemargin=-18.06749pt
* \topmargin=-55.06749pt
* \headheight=12.0pt
* \headsep=25.0pt
* \topskip=10.0pt
* \footskip=30.0pt
* \marginparwidth=65.0pt
* \marginparsep=11.0pt
* \columnsep=10.0pt
* \skip\footins=9.0pt plus 4.0pt minus 2.0pt
* \hoffset=0.0pt
* \voffset=0.0pt
* \mag=1000
* \@twocolumnfalse
* \@twosidefalse
* \@mparswitchfalse
* \@reversemarginfalse
* (1in=72.27pt=25.4mm, 1cm=28.453pt)

<overview.pdf, id=1, 834.11626pt x 684.5575pt>
File: overview.pdf Graphic file (type pdf)
 <use overview.pdf>
Package pdftex.def Info: overview.pdf used on input line 51.
(pdftex.def)             Requested size: 341.43306pt x 280.21078pt.

Overfull \hbox (34.12904pt too wide) in paragraph at lines 67--67
 []\OT1/cmtt/m/n/9 -bash-4.1$ wget http://www.hpsc.csiro.au/users/bau04c/dataho
me/Sandbox/NGSANEDEMO/fastq/Run/RNA3kChr16.tar.gz[] 
 []

[1

{/opt/local/var/db/texmf/fonts/map/pdftex/updmap/pdftex.map} <./overview.pdf>] 
[2]
Overfull \hbox (13.85396pt too wide) in paragraph at lines 173--173
[] \OT1/cmtt/m/n/9 R version 3.0.0 (2013-04-03) -- "Masked Marvel" Copyright (C
) 2013 The R Foundation for Statistical Computing[] 
 []

<NGSANEprojectcard.pdf, id=918, 1139.25626pt x 572.1375pt>
File: NGSANEprojectcard.pdf Graphic file (type pdf)

<use NGSANEprojectcard.pdf>
Package pdftex.def Info: NGSANEprojectcard.pdf used on input line 177.
(pdftex.def)             Requested size: 455.69443pt x 228.85094pt.
 [3 <./NGSANEprojectcard.pdf>]
LaTeX Font Info:    External font `cmex10' loaded for size
(Font)              <7> on input line 187.
LaTeX Font Info:    External font `cmex10' loaded for size
(Font)              <5> on input line 187.
 [4]
Underfull \hbox (badness 10000) in paragraph at lines 199--199
[]\OT1/cmr/m/n/5 subset
 []


Overfull \hbox (1.2352pt too wide) in paragraph at lines 199--199
[]\OT1/cmr/m/n/5 pipelining| 
 []


Underfull \hbox (badness 10000) in paragraph at lines 199--199
[]\OT1/cmr/m/n/5 paralleli-
 []


Overfull \hbox (1.47824pt too wide) in paragraph at lines 199--199
[]\OT1/cmr/m/n/5 automatic
 []


Underfull \hbox (badness 5756) in paragraph at lines 203--203
[]\OT1/cmr/m/n/5 bisulfite and ex-
 []


Overfull \hbox (2.14484pt too wide) in paragraph at lines 205--205
[]\OT1/cmr/m/n/5 Webserver| 
 []


Underfull \hbox (badness 10000) in paragraph at lines 206--207
[]$\OT1/cmtt/m/n/5 http : / / code . google . com / p /
 []


Underfull \hbox (badness 10000) in paragraph at lines 209--209
[]\OT1/cmr/m/n/5 python,
 []


Underfull \hbox (badness 10000) in paragraph at lines 210--210
[]\OT1/cmr/m/n/5 HBase
 []


Overfull \hbox (2.14484pt too wide) in paragraph at lines 211--211
[]\OT1/cmr/m/n/5 Webserver| 
 []


Overfull \hbox (2.14484pt too wide) in paragraph at lines 213--213
[]\OT1/cmr/m/n/5 Webserver| 
 []


Overfull \hbox (2.14484pt too wide) in paragraph at lines 217--217
[]\OT1/cmr/m/n/5 Webserver| 
 []


Underfull \hbox (badness 10000) in paragraph at lines 219--220
[]$\OT1/cmtt/m/n/5 http : / / bowtie-[]bio . sourceforge . net /
 []


Overfull \hbox (2.14484pt too wide) in paragraph at lines 220--220
[]\OT1/cmr/m/n/5 Webserver| 
 []


Overfull \hbox (2.14484pt too wide) in paragraph at lines 222--222
[]\OT1/cmr/m/n/5 Webserver| 
 []


Overfull \hbox (2.14484pt too wide) in paragraph at lines 223--223
[]\OT1/cmr/m/n/5 Webserver| 
 []


Underfull \hbox (badness 10000) in paragraph at lines 224--225
[]$\OT1/cmtt/m/n/5 http : / / gatkforums . broadinstitute . org /
 []


Overfull \hbox (2.14484pt too wide) in paragraph at lines 225--225
[]\OT1/cmr/m/n/5 Webserver| 
 []


Underfull \hbox (badness 10000) in paragraph at lines 225--226
[]$\OT1/cmtt/m/n/5 http : / / www . broadinstitute . org / cancer /
 []


Underfull \hbox (badness 10000) in paragraph at lines 226--226
[]\OT1/cmr/m/n/5 prokaryotic an-
 []


Underfull \hbox (badness 10000) in paragraph at lines 226--226
\OT1/cmr/m/n/5 no-ta-tion and
 []


Overfull \hbox (2.14484pt too wide) in paragraph at lines 226--226
[]\OT1/cmr/m/n/5 Webserver| 
 []


Overfull \hbox (2.14484pt too wide) in paragraph at lines 227--227
[]\OT1/cmr/m/n/5 Webserver| 
 []


Overfull \hbox (2.14484pt too wide) in paragraph at lines 228--228
[]\OT1/cmr/m/n/5 Webserver| 
 []


Underfull \hbox (badness 10000) in paragraph at lines 230--230
[]\OT1/cmr/m/n/5 Avadis
 []


Underfull \hbox (badness 10000) in paragraph at lines 231--231
[]\OT1/cmr/m/n/5 Genomics Work-
 []


Overfull \hbox (4.14499pt too wide) in paragraph at lines 232--232
[]\OT1/cmr/m/n/5 DNASTAR| 
 []


Underfull \hbox (badness 10000) in paragraph at lines 233--234
[]$\OT1/cmtt/m/n/5 http : / / www . illumina . com / software / genome \
 []


Overfull \hbox (3.41577pt too wide) in paragraph at lines 234--234
[]\OT1/cmr/m/n/5 NextGENe| 
 []


Underfull \hbox (badness 10000) in paragraph at lines 236--236
[]\OT1/cmr/m/n/5 Perkin-
 []


Underfull \hbox (badness 3872) in paragraph at lines 241--241
[]\OT1/cmr/m/n/10 Table 2: |\OT1/cmr/bx/n/10 Soft-ware sim-i-lar to \OT1/cmr/m/
sc/10 Ngsane\OT1/cmr/bx/n/10 . \OT1/cmr/m/n/10 Tools are listed in no par-tic-u
-lar or-der and the list may not be com-pre-hen-sive. See
 []

[5] (./supplement.bbl)

Package caption Warning: Unused \captionsetup[lstlisting] on input line 28.
See the caption package documentation for explanation.

[6


] (./supplement.aux) ) 
Here is how much of TeX's memory you used:
 5269 strings out of 494181
 77841 string characters out of 6156676
 212094 words of memory out of 5000000
 8489 multiletter control sequences out of 15000+600000
 7221 words of font info for 27 fonts, out of 8000000 for 9000
 470 hyphenation exceptions out of 8191
 38i,12n,40p,1886b,415s stack positions out of 5000i,500n,10000p,200000b,80000s
</opt/local/share/texmf-texlive/fonts/type1/public/amsfon
ts/cm/cmbx10.pfb></opt/local/share/texmf-texlive/fonts/type1/public/amsfonts/cm
/cmbx12.pfb></opt/local/share/texmf-texlive/fonts/type1/public/amsfonts/cm/cmbx
7.pfb></opt/local/share/texmf-texlive/fonts/type1/public/amsfonts/cm/cmcsc10.pf
b></opt/local/share/texmf-texlive/fonts/type1/public/amsfonts/cm/cmr10.pfb></op
t/local/share/texmf-texlive/fonts/type1/public/amsfonts/cm/cmr5.pfb></opt/local
/share/texmf-texlive/fonts/type1/public/amsfonts/cm/cmr7.pfb></opt/local/share/
texmf-texlive/fonts/type1/public/amsfonts/cm/cmti7.pfb></opt/local/share/texmf-
texlive/fonts/type1/public/amsfonts/cm/cmtt10.pfb></opt/local/share/texmf-texli
ve/fonts/type1/public/amsfonts/cm/cmtt8.pfb></opt/local/share/texmf-texlive/fon
ts/type1/public/amsfonts/cm/cmtt9.pfb>
Output written on supplement.pdf (6 pages, 4351709 bytes).
PDF statistics:
 984 PDF objects out of 1000 (max. 8388607)
 153 compressed objects within 2 object streams
 0 named destinations out of 1000 (max. 500000)
 11 words of extra memory for PDF output out of 10000 (max. 10000000)

